e:\第六版\第五版 测试\paint\paint\release\vc143.pdb
e:\第六版\第五版 测试\paint\paint\release\t_sprite.nativecodeanalysis.sarif
e:\第六版\第五版 测试\paint\paint\release\t_sprite.nativecodeanalysis.xml
e:\第六版\第五版 测试\paint\paint\release\t_scene.nativecodeanalysis.sarif
e:\第六版\第五版 测试\paint\paint\release\t_scene.nativecodeanalysis.xml
e:\第六版\第五版 测试\paint\paint\release\t_music.nativecodeanalysis.sarif
e:\第六版\第五版 测试\paint\paint\release\t_music.nativecodeanalysis.xml
e:\第六版\第五版 测试\paint\paint\release\t_menu.nativecodeanalysis.sarif
e:\第六版\第五版 测试\paint\paint\release\t_menu.nativecodeanalysis.xml
e:\第六版\第五版 测试\paint\paint\release\t_map.nativecodeanalysis.sarif
e:\第六版\第五版 测试\paint\paint\release\t_map.nativecodeanalysis.xml
e:\第六版\第五版 测试\paint\paint\release\t_graph.nativecodeanalysis.sarif
e:\第六版\第五版 测试\paint\paint\release\t_graph.nativecodeanalysis.xml
e:\第六版\第五版 测试\paint\paint\release\t_engine.nativecodeanalysis.sarif
e:\第六版\第五版 测试\paint\paint\release\t_engine.nativecodeanalysis.xml
e:\第六版\第五版 测试\paint\paint\release\t_display.nativecodeanalysis.sarif
e:\第六版\第五版 测试\paint\paint\release\t_display.nativecodeanalysis.xml
e:\第六版\第五版 测试\paint\paint\release\t_audio.nativecodeanalysis.sarif
e:\第六版\第五版 测试\paint\paint\release\t_audio.nativecodeanalysis.xml
e:\第六版\第五版 测试\paint\paint\release\t_ai.nativecodeanalysis.sarif
e:\第六版\第五版 测试\paint\paint\release\t_ai.nativecodeanalysis.xml
e:\第六版\第五版 测试\paint\paint\release\mymenu.nativecodeanalysis.sarif
e:\第六版\第五版 测试\paint\paint\release\mymenu.nativecodeanalysis.xml
e:\第六版\第五版 测试\paint\paint\release\onlineplayer.nativecodeanalysis.sarif
e:\第六版\第五版 测试\paint\paint\release\onlineplayer.nativecodeanalysis.xml
e:\第六版\第五版 测试\paint\paint\release\mushroom.nativecodeanalysis.sarif
e:\第六版\第五版 测试\paint\paint\release\mushroom.nativecodeanalysis.xml
e:\第六版\第五版 测试\paint\paint\release\messagemenu.nativecodeanalysis.sarif
e:\第六版\第五版 测试\paint\paint\release\messagemenu.nativecodeanalysis.xml
e:\第六版\第五版 测试\paint\paint\release\mario.nativecodeanalysis.sarif
e:\第六版\第五版 测试\paint\paint\release\mario.nativecodeanalysis.xml
e:\第六版\第五版 测试\paint\paint\release\information.nativecodeanalysis.sarif
e:\第六版\第五版 测试\paint\paint\release\information.nativecodeanalysis.xml
e:\第六版\第五版 测试\paint\paint\release\goomba.nativecodeanalysis.sarif
e:\第六版\第五版 测试\paint\paint\release\goomba.nativecodeanalysis.xml
e:\第六版\第五版 测试\paint\paint\release\gamemusic.nativecodeanalysis.sarif
e:\第六版\第五版 测试\paint\paint\release\gamemusic.nativecodeanalysis.xml
e:\第六版\第五版 测试\paint\paint\release\flag.nativecodeanalysis.sarif
e:\第六版\第五版 测试\paint\paint\release\flag.nativecodeanalysis.xml
e:\第六版\第五版 测试\paint\paint\release\fireball.nativecodeanalysis.sarif
e:\第六版\第五版 测试\paint\paint\release\fireball.nativecodeanalysis.xml
e:\第六版\第五版 测试\paint\paint\release\fireball.obj
e:\第六版\第五版 测试\paint\paint\release\flag.obj
e:\第六版\第五版 测试\paint\paint\release\gamemusic.obj
e:\第六版\第五版 测试\paint\paint\release\goomba.obj
e:\第六版\第五版 测试\paint\paint\release\information.obj
e:\第六版\第五版 测试\paint\paint\release\mario.obj
e:\第六版\第五版 测试\paint\paint\release\messagemenu.obj
e:\第六版\第五版 测试\paint\paint\release\mushroom.obj
e:\第六版\第五版 测试\paint\paint\release\onlineplayer.obj
e:\第六版\第五版 测试\paint\paint\release\mymenu.obj
e:\第六版\第五版 测试\paint\paint\release\t_ai.obj
e:\第六版\第五版 测试\paint\paint\release\t_audio.obj
e:\第六版\第五版 测试\paint\paint\release\t_display.obj
e:\第六版\第五版 测试\paint\paint\release\t_engine.obj
e:\第六版\第五版 测试\paint\paint\release\t_graph.obj
e:\第六版\第五版 测试\paint\paint\release\t_map.obj
e:\第六版\第五版 测试\paint\paint\release\t_menu.obj
e:\第六版\第五版 测试\paint\paint\release\t_music.obj
e:\第六版\第五版 测试\paint\paint\release\t_scene.obj
e:\第六版\第五版 测试\paint\paint\release\t_sprite.obj
e:\第六版\第五版 测试\paint\paint\release\websocket.nativecodeanalysis.sarif
e:\第六版\第五版 测试\paint\paint\release\websocket.nativecodeanalysis.xml
e:\第六版\第五版 测试\paint\paint\release\t_enginetest.nativecodeanalysis.sarif
e:\第六版\第五版 测试\paint\paint\release\t_enginetest.nativecodeanalysis.xml
e:\第六版\第五版 测试\paint\paint\release\t_util.nativecodeanalysis.sarif
e:\第六版\第五版 测试\paint\paint\release\t_util.nativecodeanalysis.xml
e:\第六版\第五版 测试\paint\paint\release\t_util.obj
e:\第六版\第五版 测试\paint\paint\release\t_enginetest.obj
e:\第六版\第五版 测试\paint\paint\release\websocket.obj
e:\第六版\第五版 测试\paint\paint\release\paint.res
e:\第六版\第五版 测试\paint\release\paint.exe
e:\第六版\第五版 测试\paint\paint\release\paint.ipdb
e:\第六版\第五版 测试\paint\paint\release\paint.iobj
e:\第六版\第五版 测试\paint\release\paint.pdb
e:\第六版\第五版 测试\paint\paint\release\vc.nativecodeanalysis.all.xml
e:\第六版\第五版 测试\paint\paint\release\paint.tlog\cl.read.1.tlog
e:\第六版\第五版 测试\paint\paint\release\paint.tlog\cl.write.1.tlog
e:\第六版\第五版 测试\paint\paint\release\paint.tlog\cl.command.1.tlog
e:\第六版\第五版 测试\paint\paint\release\paint.tlog\rc.read.1.tlog
e:\第六版\第五版 测试\paint\paint\release\paint.tlog\rc.write.1.tlog
e:\第六版\第五版 测试\paint\paint\release\paint.tlog\rc.command.1.tlog
e:\第六版\第五版 测试\paint\paint\release\paint.tlog\link.read.1.tlog
e:\第六版\第五版 测试\paint\paint\release\paint.tlog\link.write.1.tlog
e:\第六版\第五版 测试\paint\paint\release\paint.tlog\link.command.1.tlog
