g:\lxq\gamedeisgn\project\13\paint\paint\x64\debug\vc140.pdb
g:\lxq\gamedeisgn\project\13\paint\paint\x64\debug\vc140.idb
g:\lxq\gamedeisgn\project\13\paint\paint\x64\debug\mymenu.obj
g:\lxq\gamedeisgn\project\13\paint\paint\x64\debug\t_ai.obj
g:\lxq\gamedeisgn\project\13\paint\paint\x64\debug\t_audio.obj
g:\lxq\gamedeisgn\project\13\paint\paint\x64\debug\t_display.obj
g:\lxq\gamedeisgn\project\13\paint\paint\x64\debug\t_engine.obj
g:\lxq\gamedeisgn\project\13\paint\paint\x64\debug\t_graph.obj
g:\lxq\gamedeisgn\project\13\paint\paint\x64\debug\t_map.obj
g:\lxq\gamedeisgn\project\13\paint\paint\x64\debug\t_menu.obj
g:\lxq\gamedeisgn\project\13\paint\paint\x64\debug\t_music.obj
g:\lxq\gamedeisgn\project\13\paint\paint\x64\debug\t_scene.obj
g:\lxq\gamedeisgn\project\13\paint\paint\x64\debug\t_sprite.obj
g:\lxq\gamedeisgn\project\13\paint\paint\x64\debug\t_util.obj
g:\lxq\gamedeisgn\project\13\paint\paint\x64\debug\t_enginetest.obj
g:\lxq\gamedeisgn\project\13\paint\paint\x64\debug\paint.res
g:\lxq\gamedeisgn\project\13\paint\x64\debug\paint.ilk
g:\lxq\gamedeisgn\project\13\paint\x64\debug\paint.exe
g:\lxq\gamedeisgn\project\13\paint\x64\debug\paint.pdb
g:\lxq\gamedeisgn\project\13\paint\paint\x64\debug\paint.tlog\cl.read.1.tlog
g:\lxq\gamedeisgn\project\13\paint\paint\x64\debug\paint.tlog\cl.write.1.tlog
g:\lxq\gamedeisgn\project\13\paint\paint\x64\debug\paint.tlog\cl.command.1.tlog
g:\lxq\gamedeisgn\project\13\paint\paint\x64\debug\paint.tlog\rc.read.1.tlog
g:\lxq\gamedeisgn\project\13\paint\paint\x64\debug\paint.tlog\rc.write.1.tlog
g:\lxq\gamedeisgn\project\13\paint\paint\x64\debug\paint.tlog\rc.command.1.tlog
g:\lxq\gamedeisgn\project\13\paint\paint\x64\debug\paint.tlog\link.read.1.tlog
g:\lxq\gamedeisgn\project\13\paint\paint\x64\debug\paint.tlog\link.write.1.tlog
g:\lxq\gamedeisgn\project\13\paint\paint\x64\debug\paint.tlog\link.command.1.tlog
